{"/home/davislamenha/codes/vem_ser_dbc/davislamenha-vs13-front-testes-unitarios-rtl/src/App.tsx": {"path":"/home/davislamenha/codes/vem_ser_dbc/davislamenha-vs13-front-testes-unitarios-rtl/src/App.tsx","statementMap":{"0":{"start":{"line":9,"column":2},"end":{"line":15,"column":null}}},"fnMap":{"0":{"name":"App","decl":{"start":{"line":8,"column":9},"end":{"line":8,"column":15}},"loc":{"start":{"line":8,"column":15},"end":{"line":17,"column":null}}}},"branchMap":{},"s":{"0":0},"f":{"0":0},"b":{}}
,"/home/davislamenha/codes/vem_ser_dbc/davislamenha-vs13-front-testes-unitarios-rtl/src/main.tsx": {"path":"/home/davislamenha/codes/vem_ser_dbc/davislamenha-vs13-front-testes-unitarios-rtl/src/main.tsx","statementMap":{"0":{"start":{"line":5,"column":0},"end":{"line":9,"column":null}}},"fnMap":{},"branchMap":{},"s":{"0":0},"f":{},"b":{}}
,"/home/davislamenha/codes/vem_ser_dbc/davislamenha-vs13-front-testes-unitarios-rtl/src/routes.tsx": {"path":"/home/davislamenha/codes/vem_ser_dbc/davislamenha-vs13-front-testes-unitarios-rtl/src/routes.tsx","statementMap":{"0":{"start":{"line":9,"column":15},"end":{"line":29,"column":null}}},"fnMap":{},"branchMap":{},"s":{"0":0},"f":{},"b":{}}
,"/home/davislamenha/codes/vem_ser_dbc/davislamenha-vs13-front-testes-unitarios-rtl/src/components/BrewCard/index.tsx": {"path":"/home/davislamenha/codes/vem_ser_dbc/davislamenha-vs13-front-testes-unitarios-rtl/src/components/BrewCard/index.tsx","statementMap":{"0":{"start":{"line":11,"column":17},"end":{"line":58,"column":null}},"1":{"start":{"line":12,"column":31},"end":{"line":12,"column":null}},"2":{"start":{"line":13,"column":42},"end":{"line":13,"column":null}},"3":{"start":{"line":15,"column":28},"end":{"line":17,"column":null}},"4":{"start":{"line":16,"column":4},"end":{"line":16,"column":null}},"5":{"start":{"line":19,"column":28},"end":{"line":21,"column":null}},"6":{"start":{"line":20,"column":4},"end":{"line":20,"column":null}},"7":{"start":{"line":20,"column":26},"end":{"line":20,"column":null}},"8":{"start":{"line":23,"column":2},"end":{"line":56,"column":null}},"9":{"start":{"line":41,"column":29},"end":{"line":41,"column":null}},"10":{"start":{"line":51,"column":25},"end":{"line":51,"column":null}}},"fnMap":{"0":{"name":"(anonymous_0)","decl":{"start":{"line":11,"column":17},"end":{"line":11,"column":18}},"loc":{"start":{"line":11,"column":46},"end":{"line":58,"column":null}}},"1":{"name":"(anonymous_1)","decl":{"start":{"line":15,"column":28},"end":{"line":15,"column":34}},"loc":{"start":{"line":15,"column":34},"end":{"line":17,"column":null}}},"2":{"name":"(anonymous_2)","decl":{"start":{"line":19,"column":28},"end":{"line":19,"column":34}},"loc":{"start":{"line":19,"column":34},"end":{"line":21,"column":null}}},"3":{"name":"(anonymous_3)","decl":{"start":{"line":41,"column":22},"end":{"line":41,"column":23}},"loc":{"start":{"line":41,"column":29},"end":{"line":41,"column":null}}},"4":{"name":"(anonymous_4)","decl":{"start":{"line":51,"column":19},"end":{"line":51,"column":25}},"loc":{"start":{"line":51,"column":25},"end":{"line":51,"column":null}}}},"branchMap":{"0":{"loc":{"start":{"line":20,"column":4},"end":{"line":20,"column":null}},"type":"if","locations":[{"start":{"line":20,"column":4},"end":{"line":20,"column":null}},{"start":{"line":20,"column":4},"end":{"line":20,"column":null}}]}},"s":{"0":2,"1":4,"2":4,"3":4,"4":1,"5":4,"6":0,"7":0,"8":4,"9":0,"10":0},"f":{"0":4,"1":1,"2":0,"3":0,"4":0},"b":{"0":[0,0]}}
,"/home/davislamenha/codes/vem_ser_dbc/davislamenha-vs13-front-testes-unitarios-rtl/src/components/BrewCard/styles.ts": {"path":"/home/davislamenha/codes/vem_ser_dbc/davislamenha-vs13-front-testes-unitarios-rtl/src/components/BrewCard/styles.ts","statementMap":{"0":{"start":{"line":3,"column":23},"end":{"line":7,"column":null}},"1":{"start":{"line":6,"column":27},"end":{"line":6,"column":52}},"2":{"start":{"line":7,"column":22},"end":{"line":7,"column":46}},"3":{"start":{"line":15,"column":21},"end":{"line":15,"column":null}},"4":{"start":{"line":21,"column":20},"end":{"line":21,"column":null}},"5":{"start":{"line":26,"column":21},"end":{"line":26,"column":null}},"6":{"start":{"line":33,"column":31},"end":{"line":33,"column":null}},"7":{"start":{"line":37,"column":33},"end":{"line":65,"column":null}},"8":{"start":{"line":64,"column":29},"end":{"line":64,"column":53}},"9":{"start":{"line":65,"column":24},"end":{"line":65,"column":49}},"10":{"start":{"line":76,"column":25},"end":{"line":83,"column":null}},"11":{"start":{"line":82,"column":27},"end":{"line":82,"column":51}},"12":{"start":{"line":83,"column":22},"end":{"line":83,"column":47}}},"fnMap":{"0":{"name":"(anonymous_0)","decl":{"start":{"line":6,"column":16},"end":{"line":6,"column":17}},"loc":{"start":{"line":6,"column":27},"end":{"line":6,"column":52}}},"1":{"name":"(anonymous_1)","decl":{"start":{"line":7,"column":11},"end":{"line":7,"column":12}},"loc":{"start":{"line":7,"column":22},"end":{"line":7,"column":46}}},"2":{"name":"(anonymous_2)","decl":{"start":{"line":64,"column":18},"end":{"line":64,"column":19}},"loc":{"start":{"line":64,"column":29},"end":{"line":64,"column":53}}},"3":{"name":"(anonymous_3)","decl":{"start":{"line":65,"column":13},"end":{"line":65,"column":14}},"loc":{"start":{"line":65,"column":24},"end":{"line":65,"column":49}}},"4":{"name":"(anonymous_4)","decl":{"start":{"line":82,"column":16},"end":{"line":82,"column":17}},"loc":{"start":{"line":82,"column":27},"end":{"line":82,"column":51}}},"5":{"name":"(anonymous_5)","decl":{"start":{"line":83,"column":11},"end":{"line":83,"column":12}},"loc":{"start":{"line":83,"column":22},"end":{"line":83,"column":47}}}},"branchMap":{},"s":{"0":2,"1":4,"2":4,"3":2,"4":2,"5":2,"6":2,"7":2,"8":4,"9":4,"10":2,"11":4,"12":4},"f":{"0":4,"1":4,"2":4,"3":4,"4":4,"5":4},"b":{}}
,"/home/davislamenha/codes/vem_ser_dbc/davislamenha-vs13-front-testes-unitarios-rtl/src/components/Footer/index.tsx": {"path":"/home/davislamenha/codes/vem_ser_dbc/davislamenha-vs13-front-testes-unitarios-rtl/src/components/Footer/index.tsx","statementMap":{"0":{"start":{"line":4,"column":15},"end":{"line":12,"column":null}},"1":{"start":{"line":5,"column":2},"end":{"line":10,"column":null}}},"fnMap":{"0":{"name":"(anonymous_0)","decl":{"start":{"line":4,"column":15},"end":{"line":4,"column":21}},"loc":{"start":{"line":4,"column":21},"end":{"line":12,"column":null}}}},"branchMap":{},"s":{"0":1,"1":1},"f":{"0":1},"b":{}}
,"/home/davislamenha/codes/vem_ser_dbc/davislamenha-vs13-front-testes-unitarios-rtl/src/components/Footer/styles.ts": {"path":"/home/davislamenha/codes/vem_ser_dbc/davislamenha-vs13-front-testes-unitarios-rtl/src/components/Footer/styles.ts","statementMap":{"0":{"start":{"line":3,"column":31},"end":{"line":6,"column":null}},"1":{"start":{"line":5,"column":33},"end":{"line":5,"column":57}},"2":{"start":{"line":6,"column":22},"end":{"line":6,"column":39}}},"fnMap":{"0":{"name":"(anonymous_0)","decl":{"start":{"line":5,"column":22},"end":{"line":5,"column":23}},"loc":{"start":{"line":5,"column":33},"end":{"line":5,"column":57}}},"1":{"name":"(anonymous_1)","decl":{"start":{"line":6,"column":11},"end":{"line":6,"column":12}},"loc":{"start":{"line":6,"column":22},"end":{"line":6,"column":39}}}},"branchMap":{},"s":{"0":1,"1":1,"2":1},"f":{"0":1,"1":1},"b":{}}
,"/home/davislamenha/codes/vem_ser_dbc/davislamenha-vs13-front-testes-unitarios-rtl/src/components/Header/index.tsx": {"path":"/home/davislamenha/codes/vem_ser_dbc/davislamenha-vs13-front-testes-unitarios-rtl/src/components/Header/index.tsx","statementMap":{"0":{"start":{"line":8,"column":15},"end":{"line":43,"column":null}},"1":{"start":{"line":9,"column":21},"end":{"line":11,"column":null}},"2":{"start":{"line":13,"column":2},"end":{"line":41,"column":null}}},"fnMap":{"0":{"name":"(anonymous_0)","decl":{"start":{"line":8,"column":15},"end":{"line":8,"column":21}},"loc":{"start":{"line":8,"column":21},"end":{"line":43,"column":null}}}},"branchMap":{},"s":{"0":1,"1":1,"2":1},"f":{"0":1},"b":{}}
,"/home/davislamenha/codes/vem_ser_dbc/davislamenha-vs13-front-testes-unitarios-rtl/src/components/Header/styles.ts": {"path":"/home/davislamenha/codes/vem_ser_dbc/davislamenha-vs13-front-testes-unitarios-rtl/src/components/Header/styles.ts","statementMap":{"0":{"start":{"line":4,"column":31},"end":{"line":27,"column":null}},"1":{"start":{"line":6,"column":33},"end":{"line":6,"column":57}},"2":{"start":{"line":19,"column":26},"end":{"line":19,"column":44}},"3":{"start":{"line":22,"column":28},"end":{"line":22,"column":45}},"4":{"start":{"line":27,"column":28},"end":{"line":27,"column":46}},"5":{"start":{"line":39,"column":26},"end":{"line":53,"column":null}},"6":{"start":{"line":47,"column":26},"end":{"line":47,"column":43}},"7":{"start":{"line":53,"column":28},"end":{"line":53,"column":46}}},"fnMap":{"0":{"name":"(anonymous_0)","decl":{"start":{"line":6,"column":22},"end":{"line":6,"column":23}},"loc":{"start":{"line":6,"column":33},"end":{"line":6,"column":57}}},"1":{"name":"(anonymous_1)","decl":{"start":{"line":19,"column":15},"end":{"line":19,"column":16}},"loc":{"start":{"line":19,"column":26},"end":{"line":19,"column":44}}},"2":{"name":"(anonymous_2)","decl":{"start":{"line":22,"column":17},"end":{"line":22,"column":18}},"loc":{"start":{"line":22,"column":28},"end":{"line":22,"column":45}}},"3":{"name":"(anonymous_3)","decl":{"start":{"line":27,"column":17},"end":{"line":27,"column":18}},"loc":{"start":{"line":27,"column":28},"end":{"line":27,"column":46}}},"4":{"name":"(anonymous_4)","decl":{"start":{"line":47,"column":15},"end":{"line":47,"column":16}},"loc":{"start":{"line":47,"column":26},"end":{"line":47,"column":43}}},"5":{"name":"(anonymous_5)","decl":{"start":{"line":53,"column":17},"end":{"line":53,"column":18}},"loc":{"start":{"line":53,"column":28},"end":{"line":53,"column":46}}}},"branchMap":{},"s":{"0":1,"1":1,"2":1,"3":1,"4":1,"5":1,"6":1,"7":1},"f":{"0":1,"1":1,"2":1,"3":1,"4":1,"5":1},"b":{}}
,"/home/davislamenha/codes/vem_ser_dbc/davislamenha-vs13-front-testes-unitarios-rtl/src/context/BrewContext.tsx": {"path":"/home/davislamenha/codes/vem_ser_dbc/davislamenha-vs13-front-testes-unitarios-rtl/src/context/BrewContext.tsx","statementMap":{"0":{"start":{"line":3,"column":16},"end":{"line":3,"column":null}},"1":{"start":{"line":19,"column":27},"end":{"line":19,"column":null}},"2":{"start":{"line":22,"column":34},"end":{"line":22,"column":null}},"3":{"start":{"line":25,"column":4},"end":{"line":37,"column":null}},"4":{"start":{"line":26,"column":23},"end":{"line":26,"column":null}},"5":{"start":{"line":28,"column":6},"end":{"line":30,"column":null}},"6":{"start":{"line":29,"column":8},"end":{"line":29,"column":null}},"7":{"start":{"line":32,"column":19},"end":{"line":32,"column":null}},"8":{"start":{"line":34,"column":6},"end":{"line":34,"column":null}},"9":{"start":{"line":36,"column":6},"end":{"line":36,"column":null}},"10":{"start":{"line":40,"column":2},"end":{"line":43,"column":null}}},"fnMap":{"0":{"name":"BrewProvider","decl":{"start":{"line":21,"column":16},"end":{"line":21,"column":29}},"loc":{"start":{"line":21,"column":74},"end":{"line":45,"column":null}}},"1":{"name":"getAllBrews","decl":{"start":{"line":24,"column":17},"end":{"line":24,"column":31}},"loc":{"start":{"line":24,"column":31},"end":{"line":38,"column":null}}}},"branchMap":{"0":{"loc":{"start":{"line":28,"column":6},"end":{"line":30,"column":null}},"type":"if","locations":[{"start":{"line":28,"column":6},"end":{"line":30,"column":null}},{"start":{"line":28,"column":6},"end":{"line":30,"column":null}}]}},"s":{"0":1,"1":1,"2":0,"3":0,"4":0,"5":0,"6":0,"7":0,"8":0,"9":0,"10":0},"f":{"0":0,"1":0},"b":{"0":[0,0]}}
,"/home/davislamenha/codes/vem_ser_dbc/davislamenha-vs13-front-testes-unitarios-rtl/src/context/CartContext.tsx": {"path":"/home/davislamenha/codes/vem_ser_dbc/davislamenha-vs13-front-testes-unitarios-rtl/src/context/CartContext.tsx","statementMap":{"0":{"start":{"line":15,"column":27},"end":{"line":15,"column":null}},"1":{"start":{"line":18,"column":42},"end":{"line":18,"column":null}},"2":{"start":{"line":20,"column":21},"end":{"line":22,"column":null}},"3":{"start":{"line":21,"column":22},"end":{"line":21,"column":61}},"4":{"start":{"line":22,"column":28},"end":{"line":22,"column":41}},"5":{"start":{"line":25,"column":26},"end":{"line":25,"column":null}},"6":{"start":{"line":25,"column":54},"end":{"line":25,"column":76}},"7":{"start":{"line":27,"column":4},"end":{"line":37,"column":null}},"8":{"start":{"line":28,"column":6},"end":{"line":34,"column":null}},"9":{"start":{"line":29,"column":8},"end":{"line":33,"column":null}},"10":{"start":{"line":30,"column":10},"end":{"line":32,"column":null}},"11":{"start":{"line":36,"column":6},"end":{"line":36,"column":null}},"12":{"start":{"line":36,"column":33},"end":{"line":36,"column":52}},"13":{"start":{"line":41,"column":4},"end":{"line":41,"column":null}},"14":{"start":{"line":41,"column":31},"end":{"line":41,"column":69}},"15":{"start":{"line":41,"column":54},"end":{"line":41,"column":68}},"16":{"start":{"line":44,"column":2},"end":{"line":54,"column":null}}},"fnMap":{"0":{"name":"CartProvider","decl":{"start":{"line":17,"column":16},"end":{"line":17,"column":29}},"loc":{"start":{"line":17,"column":74},"end":{"line":56,"column":null}}},"1":{"name":"(anonymous_1)","decl":{"start":{"line":21,"column":9},"end":{"line":21,"column":10}},"loc":{"start":{"line":21,"column":22},"end":{"line":21,"column":61}}},"2":{"name":"(anonymous_2)","decl":{"start":{"line":22,"column":12},"end":{"line":22,"column":13}},"loc":{"start":{"line":22,"column":28},"end":{"line":22,"column":41}}},"3":{"name":"addProductToCart","decl":{"start":{"line":24,"column":11},"end":{"line":24,"column":28}},"loc":{"start":{"line":24,"column":50},"end":{"line":38,"column":null}}},"4":{"name":"(anonymous_4)","decl":{"start":{"line":25,"column":44},"end":{"line":25,"column":45}},"loc":{"start":{"line":25,"column":54},"end":{"line":25,"column":76}}},"5":{"name":"(anonymous_5)","decl":{"start":{"line":28,"column":22},"end":{"line":28,"column":23}},"loc":{"start":{"line":29,"column":8},"end":{"line":33,"column":null}}},"6":{"name":"(anonymous_6)","decl":{"start":{"line":29,"column":18},"end":{"line":29,"column":19}},"loc":{"start":{"line":30,"column":10},"end":{"line":32,"column":null}}},"7":{"name":"(anonymous_7)","decl":{"start":{"line":36,"column":22},"end":{"line":36,"column":23}},"loc":{"start":{"line":36,"column":33},"end":{"line":36,"column":52}}},"8":{"name":"removeProductCart","decl":{"start":{"line":40,"column":11},"end":{"line":40,"column":29}},"loc":{"start":{"line":40,"column":41},"end":{"line":42,"column":null}}},"9":{"name":"(anonymous_9)","decl":{"start":{"line":41,"column":20},"end":{"line":41,"column":21}},"loc":{"start":{"line":41,"column":31},"end":{"line":41,"column":69}}},"10":{"name":"(anonymous_10)","decl":{"start":{"line":41,"column":44},"end":{"line":41,"column":45}},"loc":{"start":{"line":41,"column":54},"end":{"line":41,"column":68}}}},"branchMap":{"0":{"loc":{"start":{"line":27,"column":4},"end":{"line":37,"column":null}},"type":"if","locations":[{"start":{"line":27,"column":4},"end":{"line":37,"column":null}},{"start":{"line":35,"column":11},"end":{"line":37,"column":null}}]},"1":{"loc":{"start":{"line":30,"column":10},"end":{"line":32,"column":null}},"type":"cond-expr","locations":[{"start":{"line":31,"column":14},"end":{"line":31,"column":null}},{"start":{"line":32,"column":14},"end":{"line":32,"column":null}}]}},"s":{"0":3,"1":0,"2":0,"3":0,"4":0,"5":0,"6":0,"7":0,"8":0,"9":0,"10":0,"11":0,"12":0,"13":0,"14":0,"15":0,"16":0},"f":{"0":0,"1":0,"2":0,"3":0,"4":0,"5":0,"6":0,"7":0,"8":0,"9":0,"10":0},"b":{"0":[0,0],"1":[0,0]}}
,"/home/davislamenha/codes/vem_ser_dbc/davislamenha-vs13-front-testes-unitarios-rtl/src/pages/app/Cart/index.tsx": {"path":"/home/davislamenha/codes/vem_ser_dbc/davislamenha-vs13-front-testes-unitarios-rtl/src/pages/app/Cart/index.tsx","statementMap":{"0":{"start":{"line":8,"column":13},"end":{"line":66,"column":null}},"1":{"start":{"line":10,"column":4},"end":{"line":10,"column":null}},"2":{"start":{"line":12,"column":2},"end":{"line":64,"column":null}},"3":{"start":{"line":26,"column":14},"end":{"line":44,"column":null}},"4":{"start":{"line":39,"column":35},"end":{"line":39,"column":null}}},"fnMap":{"0":{"name":"(anonymous_0)","decl":{"start":{"line":8,"column":13},"end":{"line":8,"column":19}},"loc":{"start":{"line":8,"column":19},"end":{"line":66,"column":null}}},"1":{"name":"(anonymous_1)","decl":{"start":{"line":25,"column":29},"end":{"line":25,"column":30}},"loc":{"start":{"line":25,"column":42},"end":{"line":46,"column":13}}},"2":{"name":"(anonymous_2)","decl":{"start":{"line":39,"column":29},"end":{"line":39,"column":35}},"loc":{"start":{"line":39,"column":35},"end":{"line":39,"column":null}}}},"branchMap":{"0":{"loc":{"start":{"line":24,"column":11},"end":{"line":51,"column":null}},"type":"cond-expr","locations":[{"start":{"line":25,"column":12},"end":{"line":46,"column":null}},{"start":{"line":48,"column":12},"end":{"line":51,"column":null}}]}},"s":{"0":1,"1":1,"2":1,"3":2,"4":0},"f":{"0":1,"1":2,"2":0},"b":{"0":[1,0]}}
,"/home/davislamenha/codes/vem_ser_dbc/davislamenha-vs13-front-testes-unitarios-rtl/src/pages/app/Cart/styles.ts": {"path":"/home/davislamenha/codes/vem_ser_dbc/davislamenha-vs13-front-testes-unitarios-rtl/src/pages/app/Cart/styles.ts","statementMap":{"0":{"start":{"line":3,"column":29},"end":{"line":4,"column":null}},"1":{"start":{"line":4,"column":33},"end":{"line":4,"column":58}},"2":{"start":{"line":15,"column":36},"end":{"line":24,"column":null}},"3":{"start":{"line":23,"column":35},"end":{"line":23,"column":52}},"4":{"start":{"line":24,"column":24},"end":{"line":24,"column":48}},"5":{"start":{"line":49,"column":27},"end":{"line":74,"column":null}},"6":{"start":{"line":73,"column":29},"end":{"line":73,"column":47}},"7":{"start":{"line":74,"column":24},"end":{"line":74,"column":48}},"8":{"start":{"line":102,"column":23},"end":{"line":102,"column":null}}},"fnMap":{"0":{"name":"(anonymous_0)","decl":{"start":{"line":4,"column":22},"end":{"line":4,"column":23}},"loc":{"start":{"line":4,"column":33},"end":{"line":4,"column":58}}},"1":{"name":"(anonymous_1)","decl":{"start":{"line":23,"column":24},"end":{"line":23,"column":25}},"loc":{"start":{"line":23,"column":35},"end":{"line":23,"column":52}}},"2":{"name":"(anonymous_2)","decl":{"start":{"line":24,"column":13},"end":{"line":24,"column":14}},"loc":{"start":{"line":24,"column":24},"end":{"line":24,"column":48}}},"3":{"name":"(anonymous_3)","decl":{"start":{"line":73,"column":18},"end":{"line":73,"column":19}},"loc":{"start":{"line":73,"column":29},"end":{"line":73,"column":47}}},"4":{"name":"(anonymous_4)","decl":{"start":{"line":74,"column":13},"end":{"line":74,"column":14}},"loc":{"start":{"line":74,"column":24},"end":{"line":74,"column":48}}}},"branchMap":{},"s":{"0":1,"1":1,"2":1,"3":1,"4":1,"5":1,"6":2,"7":2,"8":1},"f":{"0":1,"1":1,"2":1,"3":2,"4":2},"b":{}}
,"/home/davislamenha/codes/vem_ser_dbc/davislamenha-vs13-front-testes-unitarios-rtl/src/pages/app/Error/index.tsx": {"path":"/home/davislamenha/codes/vem_ser_dbc/davislamenha-vs13-front-testes-unitarios-rtl/src/pages/app/Error/index.tsx","statementMap":{"0":{"start":{"line":5,"column":14},"end":{"line":25,"column":null}},"1":{"start":{"line":6,"column":16},"end":{"line":6,"column":null}},"2":{"start":{"line":7,"column":2},"end":{"line":24,"column":null}},"3":{"start":{"line":8,"column":4},"end":{"line":15,"column":null}},"4":{"start":{"line":18,"column":4},"end":{"line":22,"column":null}}},"fnMap":{"0":{"name":"(anonymous_0)","decl":{"start":{"line":5,"column":14},"end":{"line":5,"column":20}},"loc":{"start":{"line":5,"column":20},"end":{"line":25,"column":null}}}},"branchMap":{"0":{"loc":{"start":{"line":7,"column":2},"end":{"line":24,"column":null}},"type":"if","locations":[{"start":{"line":7,"column":2},"end":{"line":24,"column":null}},{"start":{"line":17,"column":9},"end":{"line":24,"column":null}}]},"1":{"loc":{"start":{"line":14,"column":9},"end":{"line":14,"column":null}},"type":"binary-expr","locations":[{"start":{"line":14,"column":9},"end":{"line":14,"column":32}},{"start":{"line":14,"column":32},"end":{"line":14,"column":null}}]}},"s":{"0":0,"1":0,"2":0,"3":0,"4":0},"f":{"0":0},"b":{"0":[0,0],"1":[0,0]}}
,"/home/davislamenha/codes/vem_ser_dbc/davislamenha-vs13-front-testes-unitarios-rtl/src/pages/app/Error/styles.ts": {"path":"/home/davislamenha/codes/vem_ser_dbc/davislamenha-vs13-front-testes-unitarios-rtl/src/pages/app/Error/styles.ts","statementMap":{"0":{"start":{"line":3,"column":30},"end":{"line":10,"column":null}},"1":{"start":{"line":9,"column":27},"end":{"line":9,"column":51}},"2":{"start":{"line":10,"column":22},"end":{"line":10,"column":46}}},"fnMap":{"0":{"name":"(anonymous_0)","decl":{"start":{"line":9,"column":16},"end":{"line":9,"column":17}},"loc":{"start":{"line":9,"column":27},"end":{"line":9,"column":51}}},"1":{"name":"(anonymous_1)","decl":{"start":{"line":10,"column":11},"end":{"line":10,"column":12}},"loc":{"start":{"line":10,"column":22},"end":{"line":10,"column":46}}}},"branchMap":{},"s":{"0":0,"1":0,"2":0},"f":{"0":0,"1":0},"b":{}}
,"/home/davislamenha/codes/vem_ser_dbc/davislamenha-vs13-front-testes-unitarios-rtl/src/pages/app/Home/index.tsx": {"path":"/home/davislamenha/codes/vem_ser_dbc/davislamenha-vs13-front-testes-unitarios-rtl/src/pages/app/Home/index.tsx","statementMap":{"0":{"start":{"line":5,"column":13},"end":{"line":15,"column":null}},"1":{"start":{"line":6,"column":2},"end":{"line":13,"column":null}}},"fnMap":{"0":{"name":"(anonymous_0)","decl":{"start":{"line":5,"column":13},"end":{"line":5,"column":19}},"loc":{"start":{"line":5,"column":19},"end":{"line":15,"column":null}}}},"branchMap":{},"s":{"0":1,"1":1},"f":{"0":1},"b":{}}
,"/home/davislamenha/codes/vem_ser_dbc/davislamenha-vs13-front-testes-unitarios-rtl/src/pages/app/Home/styles.ts": {"path":"/home/davislamenha/codes/vem_ser_dbc/davislamenha-vs13-front-testes-unitarios-rtl/src/pages/app/Home/styles.ts","statementMap":{"0":{"start":{"line":5,"column":20},"end":{"line":8,"column":null}},"1":{"start":{"line":24,"column":32},"end":{"line":54,"column":null}},"2":{"start":{"line":30,"column":22},"end":{"line":30,"column":47}},"3":{"start":{"line":48,"column":35},"end":{"line":48,"column":53}},"4":{"start":{"line":49,"column":24},"end":{"line":49,"column":40}},"5":{"start":{"line":54,"column":37},"end":{"line":54,"column":61}}},"fnMap":{"0":{"name":"(anonymous_0)","decl":{"start":{"line":30,"column":11},"end":{"line":30,"column":12}},"loc":{"start":{"line":30,"column":22},"end":{"line":30,"column":47}}},"1":{"name":"(anonymous_1)","decl":{"start":{"line":48,"column":24},"end":{"line":48,"column":25}},"loc":{"start":{"line":48,"column":35},"end":{"line":48,"column":53}}},"2":{"name":"(anonymous_2)","decl":{"start":{"line":49,"column":13},"end":{"line":49,"column":14}},"loc":{"start":{"line":49,"column":24},"end":{"line":49,"column":40}}},"3":{"name":"(anonymous_3)","decl":{"start":{"line":54,"column":26},"end":{"line":54,"column":27}},"loc":{"start":{"line":54,"column":37},"end":{"line":54,"column":61}}}},"branchMap":{},"s":{"0":1,"1":1,"2":1,"3":1,"4":1,"5":1},"f":{"0":1,"1":1,"2":1,"3":1},"b":{}}
,"/home/davislamenha/codes/vem_ser_dbc/davislamenha-vs13-front-testes-unitarios-rtl/src/pages/app/Products/index.tsx": {"path":"/home/davislamenha/codes/vem_ser_dbc/davislamenha-vs13-front-testes-unitarios-rtl/src/pages/app/Products/index.tsx","statementMap":{"0":{"start":{"line":8,"column":17},"end":{"line":32,"column":null}},"1":{"start":{"line":9,"column":36},"end":{"line":9,"column":null}},"2":{"start":{"line":11,"column":2},"end":{"line":13,"column":null}},"3":{"start":{"line":12,"column":4},"end":{"line":12,"column":null}},"4":{"start":{"line":15,"column":2},"end":{"line":30,"column":null}},"5":{"start":{"line":23,"column":14},"end":{"line":23,"column":null}}},"fnMap":{"0":{"name":"(anonymous_0)","decl":{"start":{"line":8,"column":17},"end":{"line":8,"column":23}},"loc":{"start":{"line":8,"column":23},"end":{"line":32,"column":null}}},"1":{"name":"(anonymous_1)","decl":{"start":{"line":11,"column":12},"end":{"line":11,"column":18}},"loc":{"start":{"line":11,"column":18},"end":{"line":13,"column":5}}},"2":{"name":"(anonymous_2)","decl":{"start":{"line":22,"column":26},"end":{"line":22,"column":27}},"loc":{"start":{"line":23,"column":14},"end":{"line":23,"column":null}}}},"branchMap":{"0":{"loc":{"start":{"line":20,"column":9},"end":{"line":27,"column":null}},"type":"cond-expr","locations":[{"start":{"line":21,"column":10},"end":{"line":25,"column":null}},{"start":{"line":27,"column":10},"end":{"line":27,"column":null}}]}},"s":{"0":1,"1":1,"2":1,"3":1,"4":1,"5":2},"f":{"0":1,"1":1,"2":2},"b":{"0":[1,0]}}
,"/home/davislamenha/codes/vem_ser_dbc/davislamenha-vs13-front-testes-unitarios-rtl/src/pages/app/Products/styles.ts": {"path":"/home/davislamenha/codes/vem_ser_dbc/davislamenha-vs13-front-testes-unitarios-rtl/src/pages/app/Products/styles.ts","statementMap":{"0":{"start":{"line":3,"column":31},"end":{"line":4,"column":null}},"1":{"start":{"line":4,"column":33},"end":{"line":4,"column":57}},"2":{"start":{"line":10,"column":21},"end":{"line":10,"column":null}},"3":{"start":{"line":14,"column":24},"end":{"line":14,"column":null}},"4":{"start":{"line":22,"column":33},"end":{"line":22,"column":null}}},"fnMap":{"0":{"name":"(anonymous_0)","decl":{"start":{"line":4,"column":22},"end":{"line":4,"column":23}},"loc":{"start":{"line":4,"column":33},"end":{"line":4,"column":57}}}},"branchMap":{},"s":{"0":1,"1":1,"2":1,"3":1,"4":1},"f":{"0":1},"b":{}}
,"/home/davislamenha/codes/vem_ser_dbc/davislamenha-vs13-front-testes-unitarios-rtl/src/pages/layouts/Default/index.tsx": {"path":"/home/davislamenha/codes/vem_ser_dbc/davislamenha-vs13-front-testes-unitarios-rtl/src/pages/layouts/Default/index.tsx","statementMap":{"0":{"start":{"line":9,"column":2},"end":{"line":20,"column":null}}},"fnMap":{"0":{"name":"DefaultLayout","decl":{"start":{"line":8,"column":9},"end":{"line":8,"column":25}},"loc":{"start":{"line":8,"column":25},"end":{"line":22,"column":null}}}},"branchMap":{},"s":{"0":0},"f":{"0":0},"b":{}}
,"/home/davislamenha/codes/vem_ser_dbc/davislamenha-vs13-front-testes-unitarios-rtl/src/styles/global.ts": {"path":"/home/davislamenha/codes/vem_ser_dbc/davislamenha-vs13-front-testes-unitarios-rtl/src/styles/global.ts","statementMap":{"0":{"start":{"line":3,"column":27},"end":{"line":3,"column":null}},"1":{"start":{"line":32,"column":25},"end":{"line":32,"column":null}}},"fnMap":{},"branchMap":{},"s":{"0":4,"1":4},"f":{},"b":{}}
,"/home/davislamenha/codes/vem_ser_dbc/davislamenha-vs13-front-testes-unitarios-rtl/src/styles/themes/default.ts": {"path":"/home/davislamenha/codes/vem_ser_dbc/davislamenha-vs13-front-testes-unitarios-rtl/src/styles/themes/default.ts","statementMap":{"0":{"start":{"line":1,"column":28},"end":{"line":9,"column":null}}},"fnMap":{},"branchMap":{},"s":{"0":0},"f":{},"b":{}}
}
